<?xml version="1.0" encoding="UTF-8"?>
<testng-results skipped="0" failed="0" ignored="0" total="1" passed="1">
  <reporter-output>
  </reporter-output>
  <suite name="Suite" duration-ms="105" started-at="2021-09-15T12:24:26Z" finished-at="2021-09-15T12:24:26Z">
    <groups>
    </groups>
    <test name="Test" duration-ms="105" started-at="2021-09-15T12:24:26Z" finished-at="2021-09-15T12:24:26Z">
      <class name="com.apps.app1.TestFile">
        <test-method status="PASS" signature="t1()[pri:0, instance:com.apps.app1.TestFile@80ec60]" name="t1" duration-ms="21" started-at="2021-09-15T12:24:26Z" finished-at="2021-09-15T12:24:26Z">
          <reporter-output>
          </reporter-output>
        </test-method> <!-- t1 -->
      </class> <!-- com.apps.app1.TestFile -->
    </test> <!-- Test -->
  </suite> <!-- Suite -->
</testng-results>
