<?xml version="1.0" encoding="UTF-8"?>
<testng-results skipped="0" failed="0" ignored="0" total="1" passed="1">
  <reporter-output>
  </reporter-output>
  <suite name="Surefire suite" duration-ms="24" started-at="2021-09-14T19:30:02Z" finished-at="2021-09-14T19:30:02Z">
    <groups>
    </groups>
    <test name="Surefire test" duration-ms="24" started-at="2021-09-14T19:30:02Z" finished-at="2021-09-14T19:30:02Z">
      <class name="com.apps.app1.TestFile">
        <test-method status="PASS" signature="t1()[pri:0, instance:com.apps.app1.TestFile@16eb2ec]" name="t1" duration-ms="5" started-at="2021-09-14T19:30:02Z" finished-at="2021-09-14T19:30:02Z">
          <reporter-output>
          </reporter-output>
        </test-method> <!-- t1 -->
      </class> <!-- com.apps.app1.TestFile -->
    </test> <!-- Surefire test -->
  </suite> <!-- Surefire suite -->
</testng-results>
